<?xml version="1.0" encoding="UTF-8"?>
<!-- Generated by org.testng.reporters.JUnitReportReporter -->
<testsuite skipped="0" hostname="Vostro-3446" name="Runner.TestRunner" tests="4" failures="0" timestamp="12 Jul 2021 02:10:14 GMT" time="112.194" errors="0">
  <testcase name="runScenario" time="66.172" classname="Runner.TestRunner"/>
  <testcase name="runScenario" time="11.177" classname="Runner.TestRunner"/>
  <testcase name="runScenario" time="23.346" classname="Runner.TestRunner"/>
  <testcase name="runScenario" time="11.499" classname="Runner.TestRunner"/>
</testsuite> <!-- Runner.TestRunner -->
