<?xml version="1.0" encoding="UTF-8"?>
<!-- Generated by org.testng.reporters.JUnitReportReporter -->
<testsuite skipped="0" hostname="Vostro-3446" name="Runner.TestRunner" tests="1" failures="0" timestamp="12 Jul 2021 01:43:58 GMT" time="53.346" errors="0">
  <testcase name="runScenario" time="53.346" classname="Runner.TestRunner"/>
</testsuite> <!-- Runner.TestRunner -->
